\BOOKMARK [0][-]{chapter.1}{\376\377\000D\000e\000s\000i\000d\000e\000r\000a\000t\000a}{}% 1
\BOOKMARK [0][-]{chapter.2}{\376\377\000S\000p\000e\000c\000i\000f\000i\000c\000h\000e\000\040\000T\000e\000c\000n\000i\000c\000h\000e}{}% 2
\BOOKMARK [1][-]{section.2.1}{\376\377\000T\000e\000c\000n\000o\000l\000o\000g\000i\000e\000\040\000u\000t\000i\000l\000i\000z\000z\000a\000t\000e}{chapter.2}% 3
\BOOKMARK [2][-]{subsection.2.1.1}{\376\377\000C\000+\000+}{section.2.1}% 4
\BOOKMARK [2][-]{subsection.2.1.2}{\376\377\000A\000n\000g\000u\000l\000a\000r}{section.2.1}% 5
\BOOKMARK [2][-]{subsection.2.1.3}{\376\377\000J\000s\000o\000n}{section.2.1}% 6
\BOOKMARK [2][-]{subsection.2.1.4}{\376\377\000P\000i\000s\000t\000a\000c\000h\000e}{section.2.1}% 7
\BOOKMARK [2][-]{subsection.2.1.5}{\376\377\000P\000o\000s\000t\000m\000a\000n}{section.2.1}% 8
\BOOKMARK [2][-]{subsection.2.1.6}{\376\377\000K\000a\000r\000m\000a}{section.2.1}% 9
\BOOKMARK [2][-]{subsection.2.1.7}{\376\377\000J\000a\000s\000m\000i\000n\000e}{section.2.1}% 10
\BOOKMARK [1][-]{section.2.2}{\376\377\000F\000o\000r\000m\000u\000l\000e\000\040\000a\000p\000p\000l\000i\000c\000a\000t\000e}{chapter.2}% 11
\BOOKMARK [0][-]{chapter.3}{\376\377\000C\000a\000s\000i\000\040\000d\000'\000u\000s\000o}{}% 12
\BOOKMARK [1][-]{section.3.1}{\376\377\000D\000i\000a\000g\000r\000a\000m\000m\000a\000\040\000d\000e\000i\000\040\000c\000a\000s\000i\000\040\000d\000'\000u\000s\000o}{chapter.3}% 13
\BOOKMARK [1][-]{section.3.2}{\376\377\000S\000c\000h\000e\000d\000e\000\040\000d\000i\000\040\000s\000p\000e\000c\000i\000f\000i\000c\000a}{chapter.3}% 14
\BOOKMARK [0][-]{chapter.4}{\376\377\000D\000i\000a\000g\000r\000a\000m\000m\000a\000\040\000d\000e\000l\000l\000a\000\040\000c\000l\000a\000s\000s\000i}{}% 15
\BOOKMARK [0][-]{chapter.5}{\376\377\000D\000i\000a\000g\000r\000a\000m\000m\000i\000\040\000d\000'\000i\000n\000t\000e\000r\000a\000z\000i\000o\000n\000e}{}% 16
\BOOKMARK [1][-]{section.5.1}{\376\377\000C\000a\000s\000i\000\040\000d\000'\000u\000s\000o}{chapter.5}% 17
\BOOKMARK [1][-]{section.5.2}{\376\377\000S\000i\000s\000t\000e\000m\000a}{chapter.5}% 18
\BOOKMARK [0][-]{chapter.6}{\376\377\000D\000i\000a\000g\000r\000a\000m\000m\000i\000\040\000d\000i\000\040\000S\000t\000a\000t\000o\000\040\000e\000\040\000a\000t\000t\000i\000v\000i\000t\000\340}{}% 19
\BOOKMARK [1][-]{section.6.1}{\376\377\000D\000i\000a\000g\000r\000a\000m\000m\000a\000\040\000d\000i\000\040\000s\000t\000a\000t\000o}{chapter.6}% 20
\BOOKMARK [1][-]{section.6.2}{\376\377\000D\000i\000a\000g\000r\000a\000m\000m\000a\000\040\000d\000i\000\040\000a\000t\000t\000i\000v\000i\000t\000\340}{chapter.6}% 21
\BOOKMARK [0][-]{chapter.7}{\376\377\000T\000e\000s\000t\000\040\000d\000e\000l\000\040\000S\000o\000f\000t\000w\000a\000r\000e}{}% 22
\BOOKMARK [1][-]{section.7.1}{\376\377\000R\000e\000v\000i\000s\000i\000o\000n\000e\000\040\000e\000\040\000I\000s\000p\000e\000z\000i\000o\000n\000e}{chapter.7}% 23
\BOOKMARK [1][-]{section.7.2}{\376\377\000U\000n\000i\000t\000\040\000T\000e\000s\000t}{chapter.7}% 24
\BOOKMARK [1][-]{section.7.3}{\376\377\000T\000e\000s\000t\000\040\000d\000e\000g\000l\000i\000\040\000S\000v\000i\000l\000u\000p\000p\000a\000t\000o\000r\000i}{chapter.7}% 25
\BOOKMARK [1][-]{section.7.4}{\376\377\000T\000e\000s\000t\000\040\000d\000e\000g\000l\000i\000\040\000U\000t\000e\000n\000t\000i}{chapter.7}% 26
\BOOKMARK [0][-]{chapter.8}{\376\377\000N\000o\000t\000e\000\040\000s\000u\000l\000\040\000p\000r\000o\000c\000e\000s\000s\000o\000\040\000d\000i\000\040\000s\000v\000i\000l\000u\000p\000p\000o}{}% 27
\BOOKMARK [0][-]{chapter.9}{\376\377\000P\000a\000t\000t\000e\000r\000n\000\040\000A\000r\000c\000h\000i\000t\000e\000t\000t\000u\000r\000a\000l\000i}{}% 28
\BOOKMARK [0][-]{chapter.10}{\376\377\000P\000a\000t\000t\000e\000r\000n\000\040\000a\000d\000o\000t\000t\000a\000t\000i}{}% 29
